<?xml version="1.0" encoding="UTF-8"?>
<!-- Generated by org.testng.reporters.JUnitXMLReporter -->
<testsuite hostname="athithan-7130" ignored="1" name="Default test" tests="1" failures="0" timestamp="23 Aug 2019 06:04:46 GMT" time="168.138" errors="0">
  <testcase name="sendSampleToEmail" time="149.84" classname="com.hippo.testModules.validateCreateProspect"/>
  <testcase name="validateNewProspectCreation" time="0.0" classname="com.hippo.testModules.validateCreateProspect">
    <ignored/>
  </testcase> <!-- validateNewProspectCreation -->
</testsuite> <!-- Default test -->
