<?xml version="1.0" encoding="UTF-8"?>
<testng-results skipped="0" failed="0" ignored="1" total="2" passed="1">
  <reporter-output>
  </reporter-output>
  <suite name="Default suite" duration-ms="168138" started-at="2019-08-23T06:01:58Z" finished-at="2019-08-23T06:04:46Z">
    <groups>
    </groups>
    <test name="Default test" duration-ms="168138" started-at="2019-08-23T06:01:58Z" finished-at="2019-08-23T06:04:46Z">
      <class name="com.hippo.testModules.validateCreateProspect">
        <test-method status="PASS" signature="setDriver()[pri:0, instance:com.hippo.testModules.validateCreateProspect@6d4b1c02]" name="setDriver" is-config="true" duration-ms="152" started-at="2019-08-23T11:31:58Z" finished-at="2019-08-23T11:31:58Z">
          <reporter-output>
          </reporter-output>
        </test-method> <!-- setDriver -->
        <test-method status="PASS" signature="loadApp()[pri:0, instance:com.hippo.testModules.validateCreateProspect@6d4b1c02]" name="loadApp" is-config="true" duration-ms="17125" started-at="2019-08-23T11:31:58Z" finished-at="2019-08-23T11:32:15Z">
          <reporter-output>
          </reporter-output>
        </test-method> <!-- loadApp -->
        <test-method status="PASS" signature="initiMethods(java.lang.reflect.Method)[pri:0, instance:com.hippo.testModules.validateCreateProspect@6d4b1c02]" name="initiMethods" is-config="true" duration-ms="4" started-at="2019-08-23T11:32:15Z" finished-at="2019-08-23T11:32:15Z">
          <params>
            <param index="0">
              <value>
                <![CDATA[public void com.hippo.testModules.validateCreateProspect.sendSampleToEmail() throws java.lang.InterruptedException]]>
              </value>
            </param>
          </params>
          <reporter-output>
          </reporter-output>
        </test-method> <!-- initiMethods -->
        <test-method status="PASS" signature="assignTestCategory()[pri:0, instance:com.hippo.testModules.validateCreateProspect@6d4b1c02]" name="assignTestCategory" is-config="true" duration-ms="2" started-at="2019-08-23T11:32:15Z" finished-at="2019-08-23T11:32:15Z">
          <reporter-output>
          </reporter-output>
        </test-method> <!-- assignTestCategory -->
        <test-method status="PASS" signature="sendSampleToEmail()[pri:0, instance:com.hippo.testModules.validateCreateProspect@6d4b1c02]" name="sendSampleToEmail" duration-ms="149840" started-at="2019-08-23T11:32:15Z" finished-at="2019-08-23T11:34:45Z">
          <reporter-output>
          </reporter-output>
        </test-method> <!-- sendSampleToEmail -->
        <test-method status="PASS" signature="getResult(org.testng.ITestResult)[pri:0, instance:com.hippo.testModules.validateCreateProspect@6d4b1c02]" name="getResult" is-config="true" duration-ms="11" started-at="2019-08-23T11:34:45Z" finished-at="2019-08-23T11:34:45Z">
          <params>
            <param index="0">
              <value>
                <![CDATA[[TestResult name=sendSampleToEmail status=SUCCESS method=validateCreateProspect.sendSampleToEmail()[pri:0, instance:com.hippo.testModules.validateCreateProspect@6d4b1c02] output={null}]]]>
              </value>
            </param>
          </params>
          <reporter-output>
          </reporter-output>
        </test-method> <!-- getResult -->
        <test-method status="PASS" signature="windUp()[pri:0, instance:com.hippo.testModules.validateCreateProspect@6d4b1c02]" name="windUp" is-config="true" duration-ms="1143" started-at="2019-08-23T11:34:45Z" finished-at="2019-08-23T11:34:46Z">
          <reporter-output>
          </reporter-output>
        </test-method> <!-- windUp -->
        <test-method status="PASS" signature="clearAll()[pri:0, instance:com.hippo.testModules.validateCreateProspect@6d4b1c02]" name="clearAll" is-config="true" duration-ms="313" started-at="2019-08-23T11:34:46Z" finished-at="2019-08-23T11:34:47Z">
          <reporter-output>
          </reporter-output>
        </test-method> <!-- clearAll -->
      </class> <!-- com.hippo.testModules.validateCreateProspect -->
    </test> <!-- Default test -->
  </suite> <!-- Default suite -->
</testng-results>
